<?xml version="1.0" encoding="UTF-8"?>
<testsuite name="com.example.finalspring.FinalspringApplicationTests" tests="1" skipped="0" failures="0" errors="0" timestamp="2023-12-05T07:35:58" hostname="heojunhoui-MacBookAir.local" time="0.438">
  <properties/>
  <testcase name="contextLoads()" classname="com.example.finalspring.FinalspringApplicationTests" time="0.438"/>
  <system-out><![CDATA[16:35:57.691 [Test worker] INFO org.springframework.test.context.support.AnnotationConfigContextLoaderUtils -- Could not detect default configuration classes for test class [com.example.finalspring.FinalspringApplicationTests]: FinalspringApplicationTests does not declare any static, non-private, non-final, nested classes annotated with @Configuration.
16:35:57.730 [Test worker] INFO org.springframework.boot.test.context.SpringBootTestContextBootstrapper -- Found @SpringBootConfiguration com.example.finalspring.FinalspringApplication for test class com.example.finalspring.FinalspringApplicationTests

  .   ____          _            __ _ _
 /\\ / ___'_ __ _ _(_)_ __  __ _ \ \ \ \
( ( )\___ | '_ | '_| | '_ \/ _` | \ \ \ \
 \\/  ___)| |_)| | | | | || (_| |  ) ) ) )
  '  |____| .__|_| |_|_| |_\__, | / / / /
 =========|_|==============|___/=/_/_/_/
 :: Spring Boot ::                (v3.2.0)

2023-12-05T16:35:57.888+09:00  INFO 7798 --- [    Test worker] c.e.f.FinalspringApplicationTests        : Starting FinalspringApplicationTests using Java 21.0.1 with PID 7798 (started by heojunho in /Users/heojunho/final-project/finalspring)
2023-12-05T16:35:57.889+09:00  INFO 7798 --- [    Test worker] c.e.f.FinalspringApplicationTests        : No active profile set, falling back to 1 default profile: "default"
2023-12-05T16:35:58.466+09:00  INFO 7798 --- [    Test worker] c.e.f.FinalspringApplicationTests        : Started FinalspringApplicationTests in 0.68 seconds (process running for 1.173)
]]></system-out>
  <system-err><![CDATA[WARNING: A Java agent has been loaded dynamically (/Users/heojunho/.gradle/caches/modules-2/files-2.1/net.bytebuddy/byte-buddy-agent/1.14.10/90ed94ac044ea8953b224304c762316e91fd6b31/byte-buddy-agent-1.14.10.jar)
WARNING: If a serviceability tool is in use, please run with -XX:+EnableDynamicAgentLoading to hide this warning
WARNING: If a serviceability tool is not in use, please run with -Djdk.instrument.traceUsage for more information
WARNING: Dynamic loading of agents will be disallowed by default in a future release
]]></system-err>
</testsuite>
